2023-07-11 22:03:23,473 DEBUG urllib3.connectionpool https://huggingface.co:443 "HEAD /HooshvareLab/bert-fa-base-uncased/resolve/main/config.json HTTP/1.1" 200 0
2023-07-11 22:03:23,524 DEBUG urllib3.connectionpool https://huggingface.co:443 "HEAD /HooshvareLab/bert-fa-base-uncased/resolve/main/config.json HTTP/1.1" 200 0
2023-07-11 22:03:25,494 DEBUG root Create Model Sentiment 
2023-07-11 22:03:25,497 DEBUG root  create loss func / optimizer / scheduler 
2023-07-11 22:03:28,174 DEBUG root optim Model / Loss Func 
2023-07-11 22:03:28,174 DEBUG root START TRAINING MODEL
2023-07-11 22:03:28,174 DEBUG root start Train CEll 
2023-07-11 22:03:28,214 DEBUG root Train step step : 0 code : start
2023-07-11 22:03:28,727 DEBUG root Train step step : 1 code : output
2023-07-11 22:03:29,784 DEBUG root Train step step : 1 code : backward
2023-07-11 22:03:29,785 DEBUG root check perment 
2023-07-11 22:03:29,823 DEBUG root Train step step : 1 code : step
2023-07-11 22:03:29,875 DEBUG root Train step step : 1 code : start
2023-07-11 22:03:29,890 DEBUG root Train step step : 2 code : output
2023-07-11 22:03:30,948 DEBUG root Train step step : 2 code : backward
2023-07-11 22:03:30,948 DEBUG root check perment 
2023-07-11 22:03:30,978 DEBUG root Train step step : 2 code : step
2023-07-11 22:03:31,072 DEBUG root Train step step : 2 code : start
2023-07-11 22:03:31,094 DEBUG root Train step step : 3 code : output
2023-07-11 22:03:32,143 DEBUG root Train step step : 3 code : backward
2023-07-11 22:03:32,144 DEBUG root check perment 
2023-07-11 22:03:32,173 DEBUG root Train step step : 3 code : step
2023-07-11 22:03:32,262 DEBUG root Train step step : 3 code : start
2023-07-11 22:03:32,286 DEBUG root Train step step : 4 code : output
2023-07-11 22:03:33,337 DEBUG root Train step step : 4 code : backward
2023-07-11 22:03:33,338 DEBUG root check perment 
2023-07-11 22:03:33,367 DEBUG root Train step step : 4 code : step
2023-07-11 22:03:33,432 DEBUG root Train step step : 4 code : start
2023-07-11 22:03:33,453 DEBUG root Train step step : 5 code : output
2023-07-11 22:03:34,496 DEBUG root Train step step : 5 code : backward
2023-07-11 22:03:34,496 DEBUG root check perment 
2023-07-11 22:03:34,526 DEBUG root Train step step : 5 code : step
2023-07-11 22:03:34,616 DEBUG root Train step step : 5 code : start
2023-07-11 22:03:34,641 DEBUG root Train step step : 6 code : output
2023-07-11 22:03:35,693 DEBUG root Train step step : 6 code : backward
2023-07-11 22:03:35,693 DEBUG root check perment 
2023-07-11 22:03:35,723 DEBUG root Train step step : 6 code : step
2023-07-11 22:03:35,801 DEBUG root Train step step : 6 code : start
2023-07-11 22:03:35,825 DEBUG root Train step step : 7 code : output
2023-07-11 22:03:36,872 DEBUG root Train step step : 7 code : backward
2023-07-11 22:03:36,872 DEBUG root check perment 
2023-07-11 22:03:36,901 DEBUG root Train step step : 7 code : step
2023-07-11 22:03:36,946 DEBUG root Train step step : 7 code : start
2023-07-11 22:03:36,962 DEBUG root Train step step : 8 code : output
2023-07-11 22:03:38,019 DEBUG root Train step step : 8 code : backward
2023-07-11 22:03:38,020 DEBUG root check perment 
2023-07-11 22:03:38,049 DEBUG root Train step step : 8 code : step
2023-07-11 22:03:38,071 DEBUG root Train step step : 8 code : start
2023-07-11 22:03:38,087 DEBUG root Train step step : 9 code : output
2023-07-11 22:03:38,566 DEBUG root Train step step : 9 code : backward
2023-07-11 22:03:38,566 DEBUG root check perment 
2023-07-11 22:03:38,596 DEBUG root Train step step : 9 code : step
2023-07-11 22:03:38,596 DEBUG root saved Model 
2023-07-11 22:03:40,811 DEBUG root saved setting model to file
2023-07-11 22:03:40,811 DEBUG root Loss  : 0.08210721699934867 , Perment : 1.0
2023-07-22 20:43:04,048 DEBUG root show setting addres : C:\Users\HadafRayane\Desktop\api\ApiSentiment\ReastApi\Sentiment\Model\Saved/negativeplas/Setting
2023-07-22 20:43:04,110 DEBUG urllib3.connectionpool Starting new HTTPS connection (1): huggingface.co:443
2023-07-22 20:43:07,718 DEBUG urllib3.connectionpool https://huggingface.co:443 "HEAD /HooshvareLab/bert-fa-base-uncased/resolve/main/config.json HTTP/1.1" 200 0
2023-07-22 20:43:08,361 DEBUG urllib3.connectionpool https://huggingface.co:443 "HEAD /HooshvareLab/bert-fa-base-uncased/resolve/main/config.json HTTP/1.1" 200 0
2023-07-22 20:43:58,559 DEBUG root show setting addres : C:\Users\HadafRayane\Desktop\api\ApiSentiment\ReastApi\Sentiment\Model\Saved/negativeplas/Setting
2023-07-22 20:43:59,127 DEBUG urllib3.connectionpool https://huggingface.co:443 "HEAD /HooshvareLab/bert-fa-base-uncased/resolve/main/config.json HTTP/1.1" 200 0
2023-07-22 20:43:59,703 DEBUG urllib3.connectionpool https://huggingface.co:443 "HEAD /HooshvareLab/bert-fa-base-uncased/resolve/main/config.json HTTP/1.1" 200 0
2023-07-22 20:47:23,922 DEBUG root show setting addres : C:\Users\HadafRayane\Desktop\api\ApiSentiment\ReastApi\Sentiment\Model\Saved/negativeplas/Setting
2023-07-22 20:47:33,677 DEBUG urllib3.connectionpool https://huggingface.co:443 "HEAD /HooshvareLab/bert-fa-base-uncased/resolve/main/config.json HTTP/1.1" 200 0
2023-07-22 20:47:48,915 DEBUG urllib3.connectionpool Starting new HTTPS connection (2): huggingface.co:443
2023-07-22 20:48:04,740 WARNING huggingface_hub.utils._http 'HTTPSConnectionPool(host='huggingface.co', port=443): Max retries exceeded with url: /HooshvareLab/bert-fa-base-uncased/resolve/main/vocab.txt (Caused by ProxyError('Cannot connect to proxy.', TimeoutError('_ssl.c:990: The handshake operation timed out')))' thrown while requesting HEAD https://huggingface.co/HooshvareLab/bert-fa-base-uncased/resolve/main/vocab.txt
2023-07-22 20:49:43,024 DEBUG root show setting addres : C:\Users\HadafRayane\Desktop\api\ApiSentiment\ReastApi\Sentiment\Model\Saved/negativeplas/Setting
2023-07-22 20:49:43,324 DEBUG urllib3.connectionpool https://huggingface.co:443 "HEAD /HooshvareLab/bert-fa-base-uncased/resolve/main/config.json HTTP/1.1" 200 0
2023-07-22 20:49:43,637 DEBUG urllib3.connectionpool https://huggingface.co:443 "HEAD /HooshvareLab/bert-fa-base-uncased/resolve/main/config.json HTTP/1.1" 200 0
2023-07-22 20:49:49,542 DEBUG urllib3.connectionpool https://huggingface.co:443 "HEAD /HooshvareLab/bert-fa-base-uncased/resolve/main/vocab.txt HTTP/1.1" 200 0
2023-07-22 20:49:49,542 DEBUG filelock Attempting to acquire lock 2375575911296 on C:\Users\HadafRayane/.cache\huggingface\hub\models--HooshvareLab--bert-fa-base-uncased\blobs\3deb0f238175ae2d12c890039f4a054e057b5c83.lock
2023-07-22 20:49:49,542 DEBUG filelock Lock 2375575911296 acquired on C:\Users\HadafRayane/.cache\huggingface\hub\models--HooshvareLab--bert-fa-base-uncased\blobs\3deb0f238175ae2d12c890039f4a054e057b5c83.lock
2023-07-22 20:49:50,119 DEBUG urllib3.connectionpool https://huggingface.co:443 "GET /HooshvareLab/bert-fa-base-uncased/resolve/main/vocab.txt HTTP/1.1" 200 1198122
2023-07-22 20:49:57,741 DEBUG filelock Attempting to release lock 2375575911296 on C:\Users\HadafRayane/.cache\huggingface\hub\models--HooshvareLab--bert-fa-base-uncased\blobs\3deb0f238175ae2d12c890039f4a054e057b5c83.lock
2023-07-22 20:49:57,741 DEBUG filelock Lock 2375575911296 released on C:\Users\HadafRayane/.cache\huggingface\hub\models--HooshvareLab--bert-fa-base-uncased\blobs\3deb0f238175ae2d12c890039f4a054e057b5c83.lock
2023-07-22 20:49:58,440 DEBUG urllib3.connectionpool https://huggingface.co:443 "HEAD /HooshvareLab/bert-fa-base-uncased/resolve/main/added_tokens.json HTTP/1.1" 404 0
2023-07-22 20:49:58,764 DEBUG urllib3.connectionpool https://huggingface.co:443 "HEAD /HooshvareLab/bert-fa-base-uncased/resolve/main/special_tokens_map.json HTTP/1.1" 404 0
2023-07-22 20:49:59,074 DEBUG urllib3.connectionpool https://huggingface.co:443 "HEAD /HooshvareLab/bert-fa-base-uncased/resolve/main/tokenizer_config.json HTTP/1.1" 404 0
2023-07-22 20:51:39,784 DEBUG root show setting addres : C:\Users\HadafRayane\Desktop\api\ApiSentiment\ReastApi\Sentiment\Model\Saved/negativeplas/Setting
2023-07-22 20:51:40,142 DEBUG urllib3.connectionpool https://huggingface.co:443 "HEAD /HooshvareLab/bert-fa-base-uncased/resolve/main/config.json HTTP/1.1" 200 0
2023-07-22 20:51:40,442 DEBUG urllib3.connectionpool https://huggingface.co:443 "HEAD /HooshvareLab/bert-fa-base-uncased/resolve/main/config.json HTTP/1.1" 200 0
2023-07-22 20:51:48,183 DEBUG urllib3.connectionpool https://huggingface.co:443 "HEAD /HooshvareLab/bert-fa-base-uncased/resolve/main/vocab.txt HTTP/1.1" 200 0
2023-07-22 20:51:57,523 DEBUG root show setting addres : C:\Users\HadafRayane\Desktop\api\ApiSentiment\ReastApi\Sentiment\Model\Saved/negativeplas/Setting
2023-07-22 20:51:57,822 DEBUG urllib3.connectionpool https://huggingface.co:443 "HEAD /HooshvareLab/bert-fa-base-uncased/resolve/main/config.json HTTP/1.1" 200 0
2023-07-22 20:51:58,135 DEBUG urllib3.connectionpool https://huggingface.co:443 "HEAD /HooshvareLab/bert-fa-base-uncased/resolve/main/config.json HTTP/1.1" 200 0
2023-07-22 20:52:08,726 DEBUG urllib3.connectionpool https://huggingface.co:443 "HEAD /HooshvareLab/bert-fa-base-uncased/resolve/main/vocab.txt HTTP/1.1" 200 0
2023-07-22 20:53:13,974 DEBUG root show setting addres : C:\Users\HadafRayane\Desktop\api\ApiSentiment\ReastApi\Sentiment\Model\Saved/negativeplas/Setting
2023-07-22 20:53:14,376 DEBUG urllib3.connectionpool https://huggingface.co:443 "HEAD /HooshvareLab/bert-fa-base-uncased/resolve/main/config.json HTTP/1.1" 200 0
2023-07-22 20:53:14,716 DEBUG urllib3.connectionpool https://huggingface.co:443 "HEAD /HooshvareLab/bert-fa-base-uncased/resolve/main/config.json HTTP/1.1" 200 0
2023-07-22 20:53:21,299 DEBUG urllib3.connectionpool https://huggingface.co:443 "HEAD /HooshvareLab/bert-fa-base-uncased/resolve/main/vocab.txt HTTP/1.1" 200 0
2023-07-22 20:53:30,404 DEBUG root show setting addres : C:\Users\HadafRayane\Desktop\api\ApiSentiment\ReastApi\Sentiment\Model\Saved/negativeplas/Setting
2023-07-22 20:53:30,766 DEBUG urllib3.connectionpool https://huggingface.co:443 "HEAD /HooshvareLab/bert-fa-base-uncased/resolve/main/config.json HTTP/1.1" 200 0
2023-07-22 20:53:31,062 DEBUG urllib3.connectionpool https://huggingface.co:443 "HEAD /HooshvareLab/bert-fa-base-uncased/resolve/main/config.json HTTP/1.1" 200 0
2023-07-22 20:53:42,826 DEBUG urllib3.connectionpool https://huggingface.co:443 "HEAD /HooshvareLab/bert-fa-base-uncased/resolve/main/vocab.txt HTTP/1.1" 200 0
2023-07-22 20:53:48,916 INFO django.utils.autoreload C:\Users\HadafRayane\Desktop\api\ApiSentiment\ReastApi\Sentiment\main.py changed, reloading.
2023-07-22 20:55:00,241 DEBUG root show setting addres : C:\Users\HadafRayane\Desktop\api\ApiSentiment\ReastApi\Sentiment\Model\Saved/negativeplas/Setting
2023-07-22 20:55:00,823 DEBUG urllib3.connectionpool https://huggingface.co:443 "HEAD /HooshvareLab/bert-fa-base-uncased/resolve/main/config.json HTTP/1.1" 200 0
2023-07-22 20:55:02,244 DEBUG urllib3.connectionpool https://huggingface.co:443 "HEAD /HooshvareLab/bert-fa-base-uncased/resolve/main/config.json HTTP/1.1" 200 0
2023-07-22 20:55:07,744 DEBUG urllib3.connectionpool https://huggingface.co:443 "HEAD /HooshvareLab/bert-fa-base-uncased/resolve/main/vocab.txt HTTP/1.1" 200 0
2023-07-22 20:58:06,081 DEBUG root show setting addres : C:\Users\HadafRayane\Desktop\api\ApiSentiment\ReastApi\Sentiment\Model\Saved/negativeplas/Setting
2023-07-22 20:58:16,102 DEBUG urllib3.connectionpool Starting new HTTPS connection (2): huggingface.co:443
2023-07-22 20:58:18,479 DEBUG urllib3.connectionpool https://huggingface.co:443 "HEAD /HooshvareLab/bert-fa-base-uncased/resolve/main/config.json HTTP/1.1" 200 0
2023-07-22 20:58:24,298 DEBUG urllib3.connectionpool https://huggingface.co:443 "HEAD /HooshvareLab/bert-fa-base-uncased/resolve/main/vocab.txt HTTP/1.1" 200 0
2023-07-22 21:47:03,934 DEBUG root show setting addres : C:\Users\HadafRayane\Desktop\api\ApiSentiment\ReastApi\Sentiment\Model\Saved/negativeplas/Setting
2023-07-22 21:47:04,263 DEBUG urllib3.connectionpool https://huggingface.co:443 "HEAD /HooshvareLab/bert-fa-base-uncased/resolve/main/config.json HTTP/1.1" 200 0
2023-07-22 21:47:04,576 DEBUG urllib3.connectionpool https://huggingface.co:443 "HEAD /HooshvareLab/bert-fa-base-uncased/resolve/main/config.json HTTP/1.1" 200 0
2023-07-22 21:47:17,439 DEBUG root show setting addres : C:\Users\HadafRayane\Desktop\api\ApiSentiment\ReastApi\Sentiment\Model\Saved/negativeplas/Setting
2023-07-22 21:47:18,155 DEBUG urllib3.connectionpool https://huggingface.co:443 "HEAD /HooshvareLab/bert-fa-base-uncased/resolve/main/config.json HTTP/1.1" 200 0
2023-07-22 21:47:18,470 DEBUG urllib3.connectionpool https://huggingface.co:443 "HEAD /HooshvareLab/bert-fa-base-uncased/resolve/main/config.json HTTP/1.1" 200 0
2023-07-22 23:21:39,828 DEBUG root show setting addres : C:\Users\HadafRayane\Desktop\api\ApiSentiment\ReastApi\Sentiment\Model\Saved/negativeplas/Setting
2023-07-22 23:21:40,128 DEBUG urllib3.connectionpool https://huggingface.co:443 "HEAD /HooshvareLab/bert-fa-base-uncased/resolve/main/config.json HTTP/1.1" 200 0
2023-07-22 23:21:40,441 DEBUG urllib3.connectionpool https://huggingface.co:443 "HEAD /HooshvareLab/bert-fa-base-uncased/resolve/main/config.json HTTP/1.1" 200 0
2023-07-22 23:21:48,348 DEBUG urllib3.connectionpool https://huggingface.co:443 "HEAD /HooshvareLab/bert-fa-base-uncased/resolve/main/vocab.txt HTTP/1.1" 200 0
2023-07-22 23:26:11,318 INFO django.utils.autoreload C:\Users\HadafRayane\Desktop\api\ApiSentiment\ReastApi\Sentiment\main.py changed, reloading.
2023-07-22 23:27:18,681 DEBUG root show setting addres : C:\Users\HadafRayane\Desktop\api\ApiSentiment\ReastApi\Sentiment\Model\Saved/negativeplas/Setting
2023-07-22 23:27:19,022 DEBUG urllib3.connectionpool https://huggingface.co:443 "HEAD /HooshvareLab/bert-fa-base-uncased/resolve/main/config.json HTTP/1.1" 200 0
2023-07-22 23:27:19,317 DEBUG urllib3.connectionpool https://huggingface.co:443 "HEAD /HooshvareLab/bert-fa-base-uncased/resolve/main/config.json HTTP/1.1" 200 0
2023-07-22 23:27:25,613 DEBUG urllib3.connectionpool https://huggingface.co:443 "HEAD /HooshvareLab/bert-fa-base-uncased/resolve/main/vocab.txt HTTP/1.1" 200 0
2023-07-22 23:28:31,552 ERROR django.request Internal Server Error: /api/show/sentiment/api/
Traceback (most recent call last):
  File "C:\Users\HadafRayane\anaconda3\lib\site-packages\django\core\handlers\exception.py", line 55, in inner
    response = get_response(request)
  File "C:\Users\HadafRayane\anaconda3\lib\site-packages\django\core\handlers\base.py", line 197, in _get_response
    response = wrapped_callback(request, *callback_args, **callback_kwargs)
  File "C:\Users\HadafRayane\anaconda3\lib\site-packages\django\views\decorators\csrf.py", line 54, in wrapped_view
    return view_func(*args, **kwargs)
  File "C:\Users\HadafRayane\anaconda3\lib\site-packages\django\views\generic\base.py", line 103, in view
    return self.dispatch(request, *args, **kwargs)
  File "C:\Users\HadafRayane\anaconda3\lib\site-packages\rest_framework\views.py", line 509, in dispatch
    response = self.handle_exception(exc)
  File "C:\Users\HadafRayane\anaconda3\lib\site-packages\rest_framework\views.py", line 469, in handle_exception
    self.raise_uncaught_exception(exc)
  File "C:\Users\HadafRayane\anaconda3\lib\site-packages\rest_framework\views.py", line 480, in raise_uncaught_exception
    raise exc
  File "C:\Users\HadafRayane\anaconda3\lib\site-packages\rest_framework\views.py", line 506, in dispatch
    response = handler(request, *args, **kwargs)
  File "c:\Users\HadafRayane\Desktop\api\ApiSentiment\ReastApi\views.py", line 302, in post
    "Sentiment" : _data[0].sentiment,
  File "C:\Users\HadafRayane\anaconda3\lib\site-packages\django\db\models\query.py", line 446, in __getitem__
    return qs._result_cache[0]
IndexError: list index out of range
2023-07-22 23:31:27,597 INFO django.utils.autoreload C:\Users\HadafRayane\Desktop\api\ApiSentiment\ReastApi\views.py changed, reloading.
2023-07-22 23:32:16,474 DEBUG root show setting addres : C:\Users\HadafRayane\Desktop\api\ApiSentiment\ReastApi\Sentiment\Model\Saved/negativeplas/Setting
2023-07-22 23:32:16,817 DEBUG urllib3.connectionpool https://huggingface.co:443 "HEAD /HooshvareLab/bert-fa-base-uncased/resolve/main/config.json HTTP/1.1" 200 0
2023-07-22 23:32:17,130 DEBUG urllib3.connectionpool https://huggingface.co:443 "HEAD /HooshvareLab/bert-fa-base-uncased/resolve/main/config.json HTTP/1.1" 200 0
2023-07-22 23:32:23,246 DEBUG urllib3.connectionpool https://huggingface.co:443 "HEAD /HooshvareLab/bert-fa-base-uncased/resolve/main/vocab.txt HTTP/1.1" 200 0
2023-07-22 23:35:18,791 INFO django.utils.autoreload C:\Users\HadafRayane\Desktop\api\ApiSentiment\ReastApi\views.py changed, reloading.
2023-07-22 23:36:34,135 DEBUG root show setting addres : C:\Users\HadafRayane\Desktop\api\ApiSentiment\ReastApi\Sentiment\Model\Saved/negativeplas/Setting
2023-07-22 23:36:34,445 DEBUG urllib3.connectionpool https://huggingface.co:443 "HEAD /HooshvareLab/bert-fa-base-uncased/resolve/main/config.json HTTP/1.1" 200 0
2023-07-22 23:36:34,734 DEBUG urllib3.connectionpool https://huggingface.co:443 "HEAD /HooshvareLab/bert-fa-base-uncased/resolve/main/config.json HTTP/1.1" 200 0
2023-07-22 23:36:42,421 DEBUG urllib3.connectionpool https://huggingface.co:443 "HEAD /HooshvareLab/bert-fa-base-uncased/resolve/main/vocab.txt HTTP/1.1" 200 0
2023-07-22 23:55:50,397 DEBUG root show setting addres : C:\Users\HadafRayane\Desktop\api\ApiSentiment\ReastApi\Sentiment\Model\Saved/negativeplas/Setting
2023-07-22 23:55:51,057 DEBUG urllib3.connectionpool https://huggingface.co:443 "HEAD /HooshvareLab/bert-fa-base-uncased/resolve/main/config.json HTTP/1.1" 200 0
2023-07-22 23:55:51,370 DEBUG urllib3.connectionpool https://huggingface.co:443 "HEAD /HooshvareLab/bert-fa-base-uncased/resolve/main/config.json HTTP/1.1" 200 0
2023-07-22 23:55:57,157 DEBUG urllib3.connectionpool https://huggingface.co:443 "HEAD /HooshvareLab/bert-fa-base-uncased/resolve/main/vocab.txt HTTP/1.1" 200 0
2023-07-23 00:00:29,484 DEBUG root show setting addres : C:\Users\HadafRayane\Desktop\api\ApiSentiment\ReastApi\Sentiment\Model\Saved/negativeplas/Setting
2023-07-23 00:00:29,795 DEBUG urllib3.connectionpool https://huggingface.co:443 "HEAD /HooshvareLab/bert-fa-base-uncased/resolve/main/config.json HTTP/1.1" 200 0
2023-07-23 00:00:30,099 DEBUG urllib3.connectionpool https://huggingface.co:443 "HEAD /HooshvareLab/bert-fa-base-uncased/resolve/main/config.json HTTP/1.1" 200 0
2023-07-23 00:00:35,902 DEBUG urllib3.connectionpool https://huggingface.co:443 "HEAD /HooshvareLab/bert-fa-base-uncased/resolve/main/vocab.txt HTTP/1.1" 200 0
2023-07-23 00:16:10,783 DEBUG root show setting addres : C:\Users\HadafRayane\Desktop\api\ApiSentiment\ReastApi\Sentiment\Model\Saved/negativeplas/Setting
2023-07-23 00:16:10,798 DEBUG urllib3.connectionpool Starting new HTTPS connection (3): huggingface.co:443
2023-07-23 00:16:10,890 DEBUG urllib3.connectionpool Starting new HTTPS connection (4): huggingface.co:443
2023-07-23 00:16:16,408 DEBUG urllib3.connectionpool Starting new HTTPS connection (5): huggingface.co:443
2023-07-23 00:16:47,444 INFO django.utils.autoreload C:\Users\HadafRayane\Desktop\api\ApiSentiment\ReastApi\Sentiment\Datasets\analized.py changed, reloading.
2023-07-23 00:17:47,403 DEBUG root show setting addres : C:\Users\HadafRayane\Desktop\api\ApiSentiment\ReastApi\Sentiment\Model\Saved/negativeplas/Setting
2023-07-23 00:17:47,412 DEBUG urllib3.connectionpool Starting new HTTPS connection (3): huggingface.co:443
2023-07-23 00:17:47,498 DEBUG urllib3.connectionpool Starting new HTTPS connection (4): huggingface.co:443
2023-07-23 00:17:53,347 DEBUG urllib3.connectionpool Starting new HTTPS connection (5): huggingface.co:443
2023-07-23 00:20:58,248 DEBUG root show setting addres : C:\Users\HadafRayane\Desktop\api\ApiSentiment\ReastApi\Sentiment\Model\Saved/negativeplas/Setting
2023-07-23 00:20:58,255 DEBUG urllib3.connectionpool Starting new HTTPS connection (3): huggingface.co:443
2023-07-23 00:20:58,263 DEBUG urllib3.connectionpool Starting new HTTPS connection (4): huggingface.co:443
2023-07-23 00:21:03,928 DEBUG urllib3.connectionpool Starting new HTTPS connection (5): huggingface.co:443
2023-07-23 00:32:50,558 DEBUG root show setting addres : C:\Users\HadafRayane\Desktop\api\ApiSentiment\ReastApi\Sentiment\Model\Saved/negativeplas/Setting
2023-07-23 00:32:50,897 DEBUG urllib3.connectionpool https://huggingface.co:443 "HEAD /HooshvareLab/bert-fa-base-uncased/resolve/main/config.json HTTP/1.1" 200 0
2023-07-23 00:32:51,256 DEBUG urllib3.connectionpool https://huggingface.co:443 "HEAD /HooshvareLab/bert-fa-base-uncased/resolve/main/config.json HTTP/1.1" 200 0
2023-07-23 00:32:57,338 DEBUG urllib3.connectionpool https://huggingface.co:443 "HEAD /HooshvareLab/bert-fa-base-uncased/resolve/main/vocab.txt HTTP/1.1" 200 0
2023-07-23 08:32:45,768 DEBUG root show setting addres : C:\Users\HadafRayane\Desktop\api\ApiSentiment\ReastApi\Sentiment\Model\Saved/negativeplas/Setting
2023-07-23 08:32:46,483 DEBUG urllib3.connectionpool Starting new HTTPS connection (2): huggingface.co:443
2023-07-23 08:32:53,227 DEBUG urllib3.connectionpool Starting new HTTPS connection (3): huggingface.co:443
2023-07-23 08:32:54,544 DEBUG urllib3.connectionpool https://huggingface.co:443 "HEAD /HooshvareLab/bert-fa-base-uncased/resolve/main/vocab.txt HTTP/1.1" 200 0
2023-07-23 08:37:40,148 DEBUG root show setting addres : C:\Users\HadafRayane\Desktop\api\ApiSentiment\ReastApi\Sentiment\Model\Saved/negativeplas/Setting
2023-07-23 08:37:40,897 DEBUG urllib3.connectionpool https://huggingface.co:443 "HEAD /HooshvareLab/bert-fa-base-uncased/resolve/main/config.json HTTP/1.1" 200 0
2023-07-23 08:37:41,525 DEBUG urllib3.connectionpool https://huggingface.co:443 "HEAD /HooshvareLab/bert-fa-base-uncased/resolve/main/config.json HTTP/1.1" 200 0
2023-07-23 08:37:54,547 DEBUG urllib3.connectionpool https://huggingface.co:443 "HEAD /HooshvareLab/bert-fa-base-uncased/resolve/main/vocab.txt HTTP/1.1" 200 0
2023-07-23 08:38:10,148 WARNING django.request Not Found: /favicon.ico
2023-07-26 00:08:12,066 DEBUG root show setting addres : C:\Users\HadafRayane\Desktop\api\ApiSentiment\ReastApi\Sentiment\Model\Saved/negativeplas/Setting
2023-07-26 00:08:12,066 DEBUG urllib3.connectionpool Starting new HTTPS connection (3): huggingface.co:443
2023-07-26 00:08:12,082 DEBUG urllib3.connectionpool Starting new HTTPS connection (4): huggingface.co:443
2023-07-26 00:08:17,449 DEBUG urllib3.connectionpool Starting new HTTPS connection (5): huggingface.co:443
2023-07-26 00:08:37,528 WARNING django.request Not Found: /favicon.ico
2023-07-26 00:21:01,838 DEBUG MARKDOWN Successfully imported extension module "markdown.extensions.toc".
2023-07-26 00:21:01,838 DEBUG MARKDOWN Successfully loaded extension "markdown.extensions.toc.TocExtension".
2023-07-26 00:21:14,410 DEBUG MARKDOWN Successfully imported extension module "markdown.extensions.toc".
2023-07-26 00:21:14,410 DEBUG MARKDOWN Successfully loaded extension "markdown.extensions.toc.TocExtension".
2023-07-26 00:21:17,782 DEBUG MARKDOWN Successfully imported extension module "markdown.extensions.toc".
2023-07-26 00:21:17,784 DEBUG MARKDOWN Successfully loaded extension "markdown.extensions.toc.TocExtension".
2023-07-26 00:21:37,568 DEBUG MARKDOWN Successfully imported extension module "markdown.extensions.toc".
2023-07-26 00:21:37,568 DEBUG MARKDOWN Successfully loaded extension "markdown.extensions.toc.TocExtension".
2023-07-26 00:25:18,890 DEBUG root show setting addres : C:\Users\HadafRayane\Desktop\api\ApiSentiment\ReastApi\Sentiment\Model\Saved/negativeplas/Setting
2023-07-26 00:25:18,895 DEBUG urllib3.connectionpool Starting new HTTPS connection (3): huggingface.co:443
2023-07-26 00:25:18,907 DEBUG urllib3.connectionpool Starting new HTTPS connection (4): huggingface.co:443
2023-07-26 00:25:26,091 DEBUG urllib3.connectionpool Starting new HTTPS connection (5): huggingface.co:443
2023-07-26 00:42:20,874 DEBUG root show setting addres : C:\Users\HadafRayane\Desktop\api\ApiSentiment\ReastApi\Sentiment\Model\Saved/negativeplas/Setting
2023-07-26 00:42:20,874 DEBUG urllib3.connectionpool Starting new HTTPS connection (3): huggingface.co:443
2023-07-26 00:42:20,874 DEBUG urllib3.connectionpool Starting new HTTPS connection (4): huggingface.co:443
2023-07-26 00:42:26,684 DEBUG urllib3.connectionpool Starting new HTTPS connection (5): huggingface.co:443
2023-07-26 00:42:49,182 DEBUG MARKDOWN Successfully imported extension module "markdown.extensions.toc".
2023-07-26 00:42:49,182 DEBUG MARKDOWN Successfully loaded extension "markdown.extensions.toc.TocExtension".
2023-07-26 09:03:21,179 DEBUG root show setting addres : C:\Users\HadafRayane\Desktop\api\ApiSentiment\ReastApi\Sentiment\Model\Saved/negativeplas/Setting
2023-07-26 09:03:21,669 DEBUG urllib3.connectionpool https://huggingface.co:443 "HEAD /HooshvareLab/bert-fa-base-uncased/resolve/main/config.json HTTP/1.1" 200 0
2023-07-26 09:03:22,072 DEBUG urllib3.connectionpool https://huggingface.co:443 "HEAD /HooshvareLab/bert-fa-base-uncased/resolve/main/config.json HTTP/1.1" 200 0
2023-07-26 09:03:27,970 DEBUG urllib3.connectionpool https://huggingface.co:443 "HEAD /HooshvareLab/bert-fa-base-uncased/resolve/main/vocab.txt HTTP/1.1" 200 0
2023-07-26 09:03:57,903 WARNING django.request Not Found: /favicon.ico
2023-07-26 09:23:04,175 DEBUG root show setting addres : C:\Users\HadafRayane\Desktop\api\ApiSentiment\ReastApi\Sentiment\Model\Saved/negativeplas/Setting
2023-07-26 09:23:04,647 DEBUG urllib3.connectionpool https://huggingface.co:443 "HEAD /HooshvareLab/bert-fa-base-uncased/resolve/main/config.json HTTP/1.1" 200 0
2023-07-26 09:23:05,144 DEBUG urllib3.connectionpool https://huggingface.co:443 "HEAD /HooshvareLab/bert-fa-base-uncased/resolve/main/config.json HTTP/1.1" 200 0
2023-07-26 09:23:11,999 DEBUG urllib3.connectionpool https://huggingface.co:443 "HEAD /HooshvareLab/bert-fa-base-uncased/resolve/main/vocab.txt HTTP/1.1" 200 0
2023-07-26 09:30:18,386 DEBUG root show setting addres : C:\Users\HadafRayane\Desktop\api\ApiSentiment\ReastApi\Sentiment\Model\Saved/negativeplas/Setting
2023-07-26 09:30:19,815 DEBUG urllib3.connectionpool https://huggingface.co:443 "HEAD /HooshvareLab/bert-fa-base-uncased/resolve/main/config.json HTTP/1.1" 200 0
2023-07-26 09:30:20,260 DEBUG urllib3.connectionpool https://huggingface.co:443 "HEAD /HooshvareLab/bert-fa-base-uncased/resolve/main/config.json HTTP/1.1" 200 0
2023-07-26 09:30:25,746 DEBUG urllib3.connectionpool https://huggingface.co:443 "HEAD /HooshvareLab/bert-fa-base-uncased/resolve/main/vocab.txt HTTP/1.1" 200 0
2023-07-26 09:34:14,105 DEBUG root show setting addres : C:\Users\HadafRayane\Desktop\api\ApiSentiment\ReastApi\Sentiment\Model\Saved/negativeplas/Setting
2023-07-26 09:34:14,415 DEBUG urllib3.connectionpool https://huggingface.co:443 "HEAD /HooshvareLab/bert-fa-base-uncased/resolve/main/config.json HTTP/1.1" 200 0
2023-07-26 09:34:14,759 DEBUG urllib3.connectionpool https://huggingface.co:443 "HEAD /HooshvareLab/bert-fa-base-uncased/resolve/main/config.json HTTP/1.1" 200 0
2023-07-26 09:34:21,262 DEBUG urllib3.connectionpool https://huggingface.co:443 "HEAD /HooshvareLab/bert-fa-base-uncased/resolve/main/vocab.txt HTTP/1.1" 200 0
2023-07-26 12:43:45,165 DEBUG root show setting addres : C:\Users\HadafRayane\Desktop\api\ApiSentiment\ReastApi\Sentiment\Model\Saved/negativeplas/Setting
2023-07-26 12:43:45,491 DEBUG urllib3.connectionpool https://huggingface.co:443 "HEAD /HooshvareLab/bert-fa-base-uncased/resolve/main/config.json HTTP/1.1" 200 0
2023-07-26 12:43:45,752 DEBUG urllib3.connectionpool https://huggingface.co:443 "HEAD /HooshvareLab/bert-fa-base-uncased/resolve/main/config.json HTTP/1.1" 200 0
2023-07-26 12:43:54,727 DEBUG urllib3.connectionpool https://huggingface.co:443 "HEAD /HooshvareLab/bert-fa-base-uncased/resolve/main/vocab.txt HTTP/1.1" 200 0
2023-07-26 12:51:33,633 WARNING django.request Not Found: /favicon.ico
2023-07-26 13:37:52,859 DEBUG root show setting addres : C:\Users\HadafRayane\Desktop\api\ApiSentiment\ReastApi\Sentiment\Model\Saved/negativeplas/Setting
2023-07-26 13:37:57,107 DEBUG urllib3.connectionpool https://huggingface.co:443 "HEAD /HooshvareLab/bert-fa-base-uncased/resolve/main/config.json HTTP/1.1" 200 0
2023-07-26 13:37:57,368 DEBUG urllib3.connectionpool https://huggingface.co:443 "HEAD /HooshvareLab/bert-fa-base-uncased/resolve/main/config.json HTTP/1.1" 200 0
2023-07-26 13:38:05,130 DEBUG urllib3.connectionpool https://huggingface.co:443 "HEAD /HooshvareLab/bert-fa-base-uncased/resolve/main/vocab.txt HTTP/1.1" 200 0
2023-07-26 13:51:18,658 DEBUG root show setting addres : C:\Users\HadafRayane\Desktop\api\ApiSentiment\ReastApi\Sentiment\Model\Saved/negativeplas/Setting
2023-07-26 13:51:18,906 DEBUG urllib3.connectionpool https://huggingface.co:443 "HEAD /HooshvareLab/bert-fa-base-uncased/resolve/main/config.json HTTP/1.1" 200 0
2023-07-26 13:51:19,190 DEBUG urllib3.connectionpool https://huggingface.co:443 "HEAD /HooshvareLab/bert-fa-base-uncased/resolve/main/config.json HTTP/1.1" 200 0
2023-07-26 13:51:26,693 DEBUG urllib3.connectionpool https://huggingface.co:443 "HEAD /HooshvareLab/bert-fa-base-uncased/resolve/main/vocab.txt HTTP/1.1" 200 0
2023-07-26 13:55:44,818 DEBUG root show setting addres : C:\Users\HadafRayane\Desktop\api\ApiSentiment\ReastApi\Sentiment\Model\Saved/negativeplas/Setting
2023-07-26 13:55:45,140 DEBUG urllib3.connectionpool https://huggingface.co:443 "HEAD /HooshvareLab/bert-fa-base-uncased/resolve/main/config.json HTTP/1.1" 200 0
2023-07-26 13:55:45,409 DEBUG urllib3.connectionpool https://huggingface.co:443 "HEAD /HooshvareLab/bert-fa-base-uncased/resolve/main/config.json HTTP/1.1" 200 0
2023-07-26 13:55:51,947 DEBUG urllib3.connectionpool https://huggingface.co:443 "HEAD /HooshvareLab/bert-fa-base-uncased/resolve/main/vocab.txt HTTP/1.1" 200 0
2023-07-30 10:30:46,150 DEBUG root show setting addres : C:\Users\HadafRayane\Desktop\api\ApiSentiment\ReastApi\Sentiment\Model\Saved/negativeplas/Setting
2023-07-30 10:30:46,394 DEBUG urllib3.connectionpool https://huggingface.co:443 "HEAD /HooshvareLab/bert-fa-base-uncased/resolve/main/config.json HTTP/1.1" 200 0
2023-07-30 10:30:46,639 DEBUG urllib3.connectionpool https://huggingface.co:443 "HEAD /HooshvareLab/bert-fa-base-uncased/resolve/main/config.json HTTP/1.1" 200 0
2023-07-30 10:30:55,281 DEBUG urllib3.connectionpool https://huggingface.co:443 "HEAD /HooshvareLab/bert-fa-base-uncased/resolve/main/vocab.txt HTTP/1.1" 200 0
2023-07-30 13:11:32,457 DEBUG root show setting addres : C:\Users\HadafRayane\Desktop\api\ApiSentiment\ReastApi\Sentiment\Model\Saved/negativeplas/Setting
2023-07-30 13:11:32,691 DEBUG urllib3.connectionpool https://huggingface.co:443 "HEAD /HooshvareLab/bert-fa-base-uncased/resolve/main/config.json HTTP/1.1" 200 0
2023-07-30 13:11:32,938 DEBUG urllib3.connectionpool https://huggingface.co:443 "HEAD /HooshvareLab/bert-fa-base-uncased/resolve/main/config.json HTTP/1.1" 200 0
2023-07-30 13:11:43,912 DEBUG urllib3.connectionpool https://huggingface.co:443 "HEAD /HooshvareLab/bert-fa-base-uncased/resolve/main/vocab.txt HTTP/1.1" 200 0
2023-08-08 17:19:51,603 DEBUG root show setting addres : C:\Users\HadafRayane\Desktop\api\ApiSentiment\ReastApi\Sentiment\Model\Saved/negativeplas/Setting
2023-08-08 17:19:53,251 DEBUG urllib3.connectionpool https://huggingface.co:443 "HEAD /HooshvareLab/bert-fa-base-uncased/resolve/main/config.json HTTP/1.1" 200 0
2023-08-08 17:19:53,736 DEBUG urllib3.connectionpool https://huggingface.co:443 "HEAD /HooshvareLab/bert-fa-base-uncased/resolve/main/config.json HTTP/1.1" 200 0
2023-08-08 17:20:04,711 DEBUG urllib3.connectionpool https://huggingface.co:443 "HEAD /HooshvareLab/bert-fa-base-uncased/resolve/main/vocab.txt HTTP/1.1" 200 0
2023-08-08 18:33:58,081 DEBUG root show setting addres : C:\Users\HadafRayane\Desktop\api\ApiSentiment\ReastApi\Sentiment\Model\Saved/negativeplas/Setting
2023-08-08 18:33:58,331 DEBUG urllib3.connectionpool https://huggingface.co:443 "HEAD /HooshvareLab/bert-fa-base-uncased/resolve/main/config.json HTTP/1.1" 200 0
2023-08-08 18:33:58,581 DEBUG urllib3.connectionpool https://huggingface.co:443 "HEAD /HooshvareLab/bert-fa-base-uncased/resolve/main/config.json HTTP/1.1" 200 0
2023-08-08 18:34:07,104 DEBUG urllib3.connectionpool https://huggingface.co:443 "HEAD /HooshvareLab/bert-fa-base-uncased/resolve/main/vocab.txt HTTP/1.1" 200 0
2023-08-08 18:36:30,572 WARNING django.request Not Found: /login/user/api/
2023-08-08 18:38:03,169 WARNING django.request Not Found: /favicon.ico
